Username: DENOACH
Used settings: SETTING_DENOACH

 clean-up project ... done.

Username: DENOACH
Used settings: SETTING_DENOACH
../70_Tools/42_DeltaMakeSupport/UnixTools/mkdir: cannot create directory 'dep': File exists
 Create dep/IfxScuWdt.d
 Create dep/IfxSrc.d
 Create dep/SMU_Fault_Signaling.d
 Create dep/IfxSmu_PinMap.d
 Create dep/IfxSmu.d
 Create dep/IfxScuCcu.d
 Create dep/Qspi.d
 Create dep/Qspi_cfg.d
 Create dep/IfxPort_cfg.d
 Create dep/IfxPort.d
 Create dep/Port_cfg.d
 Create dep/Port.d
 Create dep/Gtm.d
 Create dep/Gtm_cfg.d
 Create dep/IfxCpu_CStart0.d
 Create dep/IfxCpu.d
 Create dep/can_driver.d
 Create dep/can_cfg.d
 Create dep/Adc_cfg.d
 Create dep/Adc.d
 Create dep/Main.d
 Create dep/VerInfo.d
 Create dep/Dsp.d
 Create dep/Uds.d
 Create dep/Tp.d
 Create dep/Tp_cfg.d
 Create dep/Comserv.d
 Create dep/CompilerGnuc.d
 Create dep/HsfbState.d
 Create dep/look1_is32lfys16ts16Df_hV1slEhI.d
 Create dep/HsfbNtc_table.d
 Create dep/HsfbNtc.d
 Create dep/HsfbMeas.d
 Create dep/HsfbPwm_driver.d
 Create dep/HsfbDiag.d
 Create dep/HsfbPwm.d
 Create dep/HsfbCtrl_support.d
 Create dep/HsfbApp.d
 Create dep/HsfbCtrl.d
 Create dep/Sys.d

 Initialisation ...

 Compiling ../40_Appl/HsfbCtrl/HsfbCtrl_support.c ...
 Compiling ../40_Appl/HsfbCtrl/HsfbCtrl.c ...
 Compiling ../40_Appl/HsfbMeas/HsfbMeas.c ...
 Compiling ../40_Appl/HsfbDiag/HsfbDiag.c ...
 Compiling ../40_Appl/HsfbNtc/HsfbNtc.c ...
 Compiling ../40_Appl/HsfbNtc/HsfbNtc_table.c ...
 Compiling ../40_Appl/HsfbApp/HsfbApp.c ...
 Compiling ../40_Appl/HsfbPwm/HsfbPwm.c ...
 Compiling ../40_Appl/HsfbNtc/look1_is32lfys16ts16Df_hV1slEhI.c ...
 Compiling ../40_Appl/HsfbState/HsfbState.c ...
 Compiling ../40_Appl/HsfbPwm/HsfbPwm_driver.c ...
 Compiling ../30_Bsw/Compilers/CompilerGnuc.c ...
 Compiling ../30_Bsw/Mcal/Adc/Adc.c ...
 Compiling ../30_Bsw/Mcal/Adc/Adc_cfg.c ...
 Compiling ../30_Bsw/ComStack/ComServ/Comserv.c ...
 Compiling ../30_Bsw/Dsp/Dsp.c ...
 Compiling ../30_Bsw/Mcal/Gtm/Gtm.c ...
 Compiling ../30_Bsw/Mcal/Gtm/Gtm_cfg.c ...
 Compiling ../30_Bsw/Mcal/Cpu/IfxCpu.c ...
 Compiling ../30_Bsw/Mcal/Cpu/IfxCpu_CStart0.c ...
 Compiling ../30_Bsw/Mcal/Port/IfxPort.c ...
 Compiling ../30_Bsw/Mcal/Port/IfxPort_cfg.c ...
 Compiling ../30_Bsw/Mcal/Scu/IfxScuCcu.c ...
 Compiling ../30_Bsw/Mcal/Wdt/IfxScuWdt.c ...
 Compiling ../30_Bsw/Mcal/Smu/IfxSmu.c ...
 Compiling ../30_Bsw/Mcal/Smu/IfxSmu_PinMap.c ...
 Compiling ../30_Bsw/Mcal/Src/IfxSrc.c ...
 Compiling ../30_Bsw/Mcal/Port/Port_cfg.c ...
 Compiling ../30_Bsw/Mcal/Port/Port.c ...
 Compiling ../30_Bsw/Mcal/Qspi/Qspi.c ...
../30_Bsw/Mcal/Qspi/Qspi.c: In function 'go_to_normal':
../30_Bsw/Mcal/Qspi/Qspi.c:95:21: warning: variable 'rx_arrayNor' set but not used [-Wunused-but-set-variable]
../30_Bsw/Mcal/Qspi/Qspi.c: In function 'unprotect_register':
../30_Bsw/Mcal/Qspi/Qspi.c:198:21: warning: variable 'rx_arrayUnl' set but not used [-Wunused-but-set-variable]
../30_Bsw/Mcal/Qspi/Qspi.c: In function 'protect_register':
../30_Bsw/Mcal/Qspi/Qspi.c:268:21: warning: variable 'rx_arrayLoc' set but not used [-Wunused-but-set-variable]
../30_Bsw/Mcal/Qspi/Qspi.c: In function 'read_statusWD':
../30_Bsw/Mcal/Qspi/Qspi.c:300:21: warning: variable 'rx_arraySts' set but not used [-Wunused-but-set-variable]
 Compiling ../30_Bsw/Mcal/Qspi/Qspi_cfg.c ...
../30_Bsw/Mcal/Qspi/Qspi_cfg.c: In function 'disable_tlf_reset':
../30_Bsw/Mcal/Qspi/Qspi_cfg.c:86:12: warning: variable 'rx_array' set but not used [-Wunused-but-set-variable]
../30_Bsw/Mcal/Qspi/Qspi_cfg.c: In function 'disable_tlf_reset_01':
../30_Bsw/Mcal/Qspi/Qspi_cfg.c:144:21: warning: unused variable 'rx_array' [-Wunused-variable]
../30_Bsw/Mcal/Qspi/Qspi_cfg.c:144:18: warning: unused variable 'i' [-Wunused-variable]
../30_Bsw/Mcal/Qspi/Qspi_cfg.c:142:15: warning: unused variable 'program_sequence' [-Wunused-variable]
 Compiling ../30_Bsw/Main/Main.c ...
 Compiling ../30_Bsw/Mcal/Smu/SMU_Fault_Signaling.c ...
 Compiling ../30_Bsw/Mcal/Sys/Sys.c ...
 Compiling ../30_Bsw/ComStack/Tp/Tp.c ...
 Compiling ../30_Bsw/ComStack/Tp/Tp_cfg.c ...
 Compiling ../30_Bsw/ComStack/Uds/Uds.c ...
 Compiling ../30_Bsw/ComStack/VerInfo/VerInfo.c ...
 Compiling ../30_Bsw/Mcal/Can/can_cfg.c ...
 Compiling ../30_Bsw/Mcal/Can/can_driver.c ...

 Linking bin/IPB_LvDcCtrl.elf ...
 Build process done

 Project is up to date!

**** Generate bin file ****
Username: DENOACH
Used settings: SETTING_DENOACH

 PcLint reports updated! Check PCLint subfolder in Make Environment!

Username: DENOACH
Used settings: SETTING_DENOACH
 Start PCLint check for all files ...
 done.
